2026-01-12 18:02:34,168 | TABLE=users | ROWS=50000 | CHECKSUM=7dbce01df8297dbaabfed5096f4df9fa | STATUS=SUCCESS | TIME=0:00:01.145549
2026-01-12 18:02:34,222 | TABLE=content | ROWS=1000 | CHECKSUM=12c3f7256b13adeb598a75b404371d9b | STATUS=SUCCESS | TIME=0:00:00.053362
2026-01-12 18:02:35,444 | TABLE=subscriptions | ROWS=50000 | CHECKSUM=b3ac96151a2324143ddaa5ec40baf6a8 | STATUS=SUCCESS | TIME=0:00:01.221755
2026-01-12 18:02:36,489 | TABLE=payments | ROWS=50000 | CHECKSUM=a459040770c4544387f0248e7537428b | STATUS=SUCCESS | TIME=0:00:01.045500
2026-01-12 18:02:38,037 | TABLE=viewing_logs | ROWS=50000 | CHECKSUM=f9f2c6268c01f9ef0c8bbe74411b85a2 | STATUS=SUCCESS | TIME=0:00:01.546875
2026-01-12 18:44:26,421 | TABLE=users | ROWS=50000 | CHECKSUM=7dbce01df8297dbaabfed5096f4df9fa | STATUS=SUCCESS | TIME=0:00:01.275807
2026-01-12 18:44:26,486 | TABLE=content | ROWS=1000 | CHECKSUM=12c3f7256b13adeb598a75b404371d9b | STATUS=SUCCESS | TIME=0:00:00.064108
2026-01-12 18:44:28,191 | TABLE=subscriptions | ROWS=50000 | CHECKSUM=b3ac96151a2324143ddaa5ec40baf6a8 | STATUS=SUCCESS | TIME=0:00:01.705542
2026-01-12 18:44:29,577 | TABLE=payments | ROWS=50000 | CHECKSUM=a459040770c4544387f0248e7537428b | STATUS=SUCCESS | TIME=0:00:01.385128
2026-01-12 18:44:31,626 | TABLE=viewing_logs | ROWS=50000 | CHECKSUM=f9f2c6268c01f9ef0c8bbe74411b85a2 | STATUS=SUCCESS | TIME=0:00:02.049410
2026-01-13 16:12:53,887 | TABLE=users | ROWS=50000 | CHECKSUM=7dbce01df8297dbaabfed5096f4df9fa | STATUS=SUCCESS | TIME=0:00:01.306055
2026-01-13 16:12:53,939 | TABLE=content | ROWS=1000 | CHECKSUM=12c3f7256b13adeb598a75b404371d9b | STATUS=SUCCESS | TIME=0:00:00.051751
2026-01-13 16:12:56,073 | TABLE=subscriptions | ROWS=50000 | CHECKSUM=b3ac96151a2324143ddaa5ec40baf6a8 | STATUS=SUCCESS | TIME=0:00:02.133510
2026-01-13 16:12:57,100 | TABLE=payments | ROWS=50000 | CHECKSUM=a459040770c4544387f0248e7537428b | STATUS=SUCCESS | TIME=0:00:01.027510
2026-01-13 16:12:58,590 | TABLE=viewing_logs | ROWS=50000 | CHECKSUM=f9f2c6268c01f9ef0c8bbe74411b85a2 | STATUS=SUCCESS | TIME=0:00:01.489696
2026-01-13 16:22:30,922 | INFO | Schema 'bronze' ensured/created.
2026-01-13 16:22:32,510 | INFO | SCHEMA=bronze | TABLE=users | ROWS=50000 | CHECKSUM=7dbce01df8297dbaabfed5096f4df9fa | STATUS=SUCCESS | TIME=0:00:01.587130
2026-01-13 16:22:32,547 | INFO | SCHEMA=bronze | TABLE=content | ROWS=1000 | CHECKSUM=12c3f7256b13adeb598a75b404371d9b | STATUS=SUCCESS | TIME=0:00:00.037074
2026-01-13 16:22:34,022 | INFO | SCHEMA=bronze | TABLE=subscriptions | ROWS=50000 | CHECKSUM=b3ac96151a2324143ddaa5ec40baf6a8 | STATUS=SUCCESS | TIME=0:00:01.475385
2026-01-13 16:22:35,236 | INFO | SCHEMA=bronze | TABLE=payments | ROWS=50000 | CHECKSUM=a459040770c4544387f0248e7537428b | STATUS=SUCCESS | TIME=0:00:01.213103
2026-01-13 16:22:37,162 | INFO | SCHEMA=bronze | TABLE=viewing_logs | ROWS=50000 | CHECKSUM=f9f2c6268c01f9ef0c8bbe74411b85a2 | STATUS=SUCCESS | TIME=0:00:01.925960
2026-01-13 16:26:41,747 | INFO | Schema 'bronze' ensured/created.
2026-01-13 16:26:43,074 | INFO | SCHEMA=bronze | TABLE=users | ROWS=50000 | CHECKSUM=7dbce01df8297dbaabfed5096f4df9fa | STATUS=SUCCESS | TIME=0:00:01.326894
2026-01-13 16:26:43,126 | INFO | SCHEMA=bronze | TABLE=content | ROWS=1000 | CHECKSUM=12c3f7256b13adeb598a75b404371d9b | STATUS=SUCCESS | TIME=0:00:00.052129
2026-01-13 16:26:44,936 | INFO | SCHEMA=bronze | TABLE=subscriptions | ROWS=50000 | CHECKSUM=b3ac96151a2324143ddaa5ec40baf6a8 | STATUS=SUCCESS | TIME=0:00:01.809659
2026-01-13 16:26:47,929 | INFO | SCHEMA=bronze | TABLE=payments | ROWS=50000 | CHECKSUM=a459040770c4544387f0248e7537428b | STATUS=SUCCESS | TIME=0:00:02.993201
2026-01-13 16:26:50,932 | INFO | SCHEMA=bronze | TABLE=viewing_logs | ROWS=50000 | CHECKSUM=f9f2c6268c01f9ef0c8bbe74411b85a2 | STATUS=SUCCESS | TIME=0:00:03.002610
2026-01-13 16:30:28,167 | INFO | SCHEMA=bronze | TABLE=users | ROWS=50000 | CHECKSUM=7dbce01df8297dbaabfed5096f4df9fa | STATUS=SUCCESS | TIME=0:00:02.309112
2026-01-13 16:30:32,147 | INFO | SCHEMA=bronze | TABLE=users | ROWS=50000 | CHECKSUM=7dbce01df8297dbaabfed5096f4df9fa | STATUS=SUCCESS | TIME=0:00:02.232871
2026-01-13 16:30:32,943 | INFO | SCHEMA=bronze | TABLE=content | ROWS=1000 | CHECKSUM=12c3f7256b13adeb598a75b404371d9b | STATUS=SUCCESS | TIME=0:00:00.796350
2026-01-13 16:30:35,926 | INFO | SCHEMA=bronze | TABLE=subscriptions | ROWS=50000 | CHECKSUM=b3ac96151a2324143ddaa5ec40baf6a8 | STATUS=SUCCESS | TIME=0:00:02.982100
2026-01-13 16:30:37,346 | INFO | SCHEMA=bronze | TABLE=payments | ROWS=50000 | CHECKSUM=a459040770c4544387f0248e7537428b | STATUS=SUCCESS | TIME=0:00:01.420542
2026-01-13 16:30:39,206 | INFO | SCHEMA=bronze | TABLE=viewing_logs | ROWS=50000 | CHECKSUM=f9f2c6268c01f9ef0c8bbe74411b85a2 | STATUS=SUCCESS | TIME=0:00:01.859187
